c:\users\andy wang\source\repos\chess-engine\chess-engine\debug\vc141.pdb
c:\users\andy wang\source\repos\chess-engine\chess-engine\debug\vc141.idb
c:\users\andy wang\source\repos\chess-engine\chess-engine\debug\window.obj
c:\users\andy wang\source\repos\chess-engine\chess-engine\debug\parameters.obj
c:\users\andy wang\source\repos\chess-engine\chess-engine\debug\main.obj
c:\users\andy wang\source\repos\chess-engine\chess-engine\debug\engine.obj
c:\users\andy wang\source\repos\chess-engine\chess-engine\debug\helper.obj
c:\users\andy wang\source\repos\chess-engine\debug\chess-engine.pdb
c:\users\andy wang\source\repos\chess-engine\chess-engine\debug\chess-engine.tlog\cl.command.1.tlog
c:\users\andy wang\source\repos\chess-engine\chess-engine\debug\chess-engine.tlog\cl.read.1.tlog
c:\users\andy wang\source\repos\chess-engine\chess-engine\debug\chess-engine.tlog\cl.write.1.tlog
c:\users\andy wang\source\repos\chess-engine\chess-engine\debug\chess-engine.tlog\link-cvtres.read.1.tlog
c:\users\andy wang\source\repos\chess-engine\chess-engine\debug\chess-engine.tlog\link-cvtres.write.1.tlog
c:\users\andy wang\source\repos\chess-engine\chess-engine\debug\chess-engine.tlog\link-rc.read.1.tlog
c:\users\andy wang\source\repos\chess-engine\chess-engine\debug\chess-engine.tlog\link-rc.write.1.tlog
c:\users\andy wang\source\repos\chess-engine\chess-engine\debug\chess-engine.tlog\link.17724-cvtres.read.1.tlog
c:\users\andy wang\source\repos\chess-engine\chess-engine\debug\chess-engine.tlog\link.17724-cvtres.write.1.tlog
c:\users\andy wang\source\repos\chess-engine\chess-engine\debug\chess-engine.tlog\link.17724-rc.read.1.tlog
c:\users\andy wang\source\repos\chess-engine\chess-engine\debug\chess-engine.tlog\link.17724-rc.write.1.tlog
c:\users\andy wang\source\repos\chess-engine\chess-engine\debug\chess-engine.tlog\link.17724.read.1.tlog
c:\users\andy wang\source\repos\chess-engine\chess-engine\debug\chess-engine.tlog\link.17724.write.1.tlog
c:\users\andy wang\source\repos\chess-engine\chess-engine\debug\chess-engine.tlog\link.command.1.tlog
c:\users\andy wang\source\repos\chess-engine\chess-engine\debug\chess-engine.tlog\link.read.1.tlog
c:\users\andy wang\source\repos\chess-engine\chess-engine\debug\chess-engine.tlog\link.write.1.tlog
